<?xml version="1.0" encoding="UTF-8"?>
<coverage generated="1738880056628" clover="3.2.0">
  <project timestamp="1738880056628" name="All files">
    <metrics statements="15" coveredstatements="13" conditionals="1" coveredconditionals="1" methods="4" coveredmethods="3" elements="20" coveredelements="17" complexity="0" loc="15" ncloc="15" packages="3" files="4" classes="4"/>
    <package name="controllers">
      <metrics statements="8" coveredstatements="8" conditionals="1" coveredconditionals="1" methods="1" coveredmethods="1"/>
      <file name="signup.ts" path="C:\Users\bruno.magalhaes\Downloads\Rodrigo Manguinho Cursos\clean-node-api\src\presentation\controllers\signup.ts">
        <metrics statements="8" coveredstatements="8" conditionals="1" coveredconditionals="1" methods="1" coveredmethods="1"/>
        <line num="1" count="1" type="stmt"/>
        <line num="2" count="1" type="stmt"/>
        <line num="6" count="1" type="stmt"/>
        <line num="8" count="5" type="stmt"/>
        <line num="9" count="5" type="stmt"/>
        <line num="10" count="14" type="cond" truecount="1" falsecount="0"/>
        <line num="11" count="4" type="stmt"/>
        <line num="14" count="1" type="stmt"/>
      </file>
    </package>
    <package name="errors">
      <metrics statements="6" coveredstatements="4" conditionals="0" coveredconditionals="0" methods="2" coveredmethods="1"/>
      <file name="invalid-param-error.ts" path="C:\Users\bruno.magalhaes\Downloads\Rodrigo Manguinho Cursos\clean-node-api\src\presentation\errors\invalid-param-error.ts">
        <metrics statements="3" coveredstatements="1" conditionals="0" coveredconditionals="0" methods="1" coveredmethods="0"/>
        <line num="1" count="1" type="stmt"/>
        <line num="3" count="0" type="stmt"/>
        <line num="4" count="0" type="stmt"/>
      </file>
      <file name="missing-param-error.ts" path="C:\Users\bruno.magalhaes\Downloads\Rodrigo Manguinho Cursos\clean-node-api\src\presentation\errors\missing-param-error.ts">
        <metrics statements="3" coveredstatements="3" conditionals="0" coveredconditionals="0" methods="1" coveredmethods="1"/>
        <line num="1" count="1" type="stmt"/>
        <line num="3" count="8" type="stmt"/>
        <line num="4" count="8" type="stmt"/>
      </file>
    </package>
    <package name="helpers">
      <metrics statements="1" coveredstatements="1" conditionals="0" coveredconditionals="0" methods="1" coveredmethods="1"/>
      <file name="http-helper.ts" path="C:\Users\bruno.magalhaes\Downloads\Rodrigo Manguinho Cursos\clean-node-api\src\presentation\helpers\http-helper.ts">
        <metrics statements="1" coveredstatements="1" conditionals="0" coveredconditionals="0" methods="1" coveredmethods="1"/>
        <line num="3" count="4" type="stmt"/>
      </file>
    </package>
  </project>
</coverage>
