{"C:\\Users\\bruno.magalhaes\\Downloads\\Rodrigo Manguinho Cursos\\clean-node-api\\src\\presentation\\controllers\\signup.ts": {"path":"C:\\Users\\bruno.magalhaes\\Downloads\\Rodrigo Manguinho Cursos\\clean-node-api\\src\\presentation\\controllers\\signup.ts","statementMap":{"0":{"start":{"line":1,"column":0},"end":{"line":1,"column":64}},"1":{"start":{"line":2,"column":0},"end":{"line":2,"column":52}},"2":{"start":{"line":9,"column":4},"end":{"line":9,"column":null}},"3":{"start":{"line":13,"column":4},"end":{"line":27,"column":null}},"4":{"start":{"line":14,"column":29},"end":{"line":14,"column":82}},"5":{"start":{"line":15,"column":6},"end":{"line":19,"column":null}},"6":{"start":{"line":16,"column":8},"end":{"line":18,"column":null}},"7":{"start":{"line":17,"column":10},"end":{"line":17,"column":null}},"8":{"start":{"line":20,"column":22},"end":{"line":20,"column":73}},"9":{"start":{"line":21,"column":6},"end":{"line":23,"column":null}},"10":{"start":{"line":22,"column":8},"end":{"line":22,"column":null}},"11":{"start":{"line":24,"column":6},"end":{"line":24,"column":null}},"12":{"start":{"line":26,"column":6},"end":{"line":26,"column":null}},"13":{"start":{"line":5,"column":0},"end":{"line":5,"column":13}}},"fnMap":{"0":{"name":"(anonymous_0)","decl":{"start":{"line":8,"column":2},"end":{"line":8,"column":15}},"loc":{"start":{"line":8,"column":45},"end":{"line":10,"column":3}}},"1":{"name":"(anonymous_1)","decl":{"start":{"line":12,"column":2},"end":{"line":12,"column":8}},"loc":{"start":{"line":12,"column":34},"end":{"line":28,"column":3}}}},"branchMap":{"0":{"loc":{"start":{"line":16,"column":8},"end":{"line":18,"column":null}},"type":"if","locations":[{"start":{"line":16,"column":8},"end":{"line":18,"column":null}}]},"1":{"loc":{"start":{"line":21,"column":6},"end":{"line":23,"column":null}},"type":"if","locations":[{"start":{"line":21,"column":6},"end":{"line":23,"column":null}}]}},"s":{"0":1,"1":1,"2":6,"3":6,"4":6,"5":6,"6":18,"7":4,"8":2,"9":2,"10":2,"11":0,"12":0,"13":1},"f":{"0":6,"1":6},"b":{"0":[4],"1":[2]}}
,"C:\\Users\\bruno.magalhaes\\Downloads\\Rodrigo Manguinho Cursos\\clean-node-api\\src\\presentation\\errors\\index.ts": {"path":"C:\\Users\\bruno.magalhaes\\Downloads\\Rodrigo Manguinho Cursos\\clean-node-api\\src\\presentation\\errors\\index.ts","statementMap":{"0":{"start":{"line":1,"column":0},"end":{"line":1,"column":37}},"1":{"start":{"line":2,"column":0},"end":{"line":2,"column":37}},"2":{"start":{"line":3,"column":0},"end":{"line":3,"column":30}}},"fnMap":{},"branchMap":{},"s":{"0":1,"1":1,"2":1},"f":{},"b":{}}
,"C:\\Users\\bruno.magalhaes\\Downloads\\Rodrigo Manguinho Cursos\\clean-node-api\\src\\presentation\\errors\\server-error.ts": {"path":"C:\\Users\\bruno.magalhaes\\Downloads\\Rodrigo Manguinho Cursos\\clean-node-api\\src\\presentation\\errors\\server-error.ts","statementMap":{"0":{"start":{"line":3,"column":4},"end":{"line":3,"column":null}},"1":{"start":{"line":4,"column":4},"end":{"line":4,"column":null}},"2":{"start":{"line":1,"column":0},"end":{"line":1,"column":13}}},"fnMap":{"0":{"name":"(anonymous_0)","decl":{"start":{"line":2,"column":2},"end":{"line":2,"column":null}},"loc":{"start":{"line":2,"column":2},"end":{"line":5,"column":3}}}},"branchMap":{},"s":{"0":0,"1":0,"2":1},"f":{"0":0},"b":{}}
,"C:\\Users\\bruno.magalhaes\\Downloads\\Rodrigo Manguinho Cursos\\clean-node-api\\src\\presentation\\helpers\\http-helper.ts": {"path":"C:\\Users\\bruno.magalhaes\\Downloads\\Rodrigo Manguinho Cursos\\clean-node-api\\src\\presentation\\helpers\\http-helper.ts","statementMap":{"0":{"start":{"line":3,"column":26},"end":{"line":6,"column":2}},"1":{"start":{"line":3,"column":59},"end":{"line":6,"column":2}},"2":{"start":{"line":3,"column":13},"end":{"line":3,"column":26}}},"fnMap":{"0":{"name":"(anonymous_0)","decl":{"start":{"line":3,"column":26},"end":{"line":3,"column":27}},"loc":{"start":{"line":3,"column":59},"end":{"line":6,"column":2}}}},"branchMap":{},"s":{"0":1,"1":6,"2":1},"f":{"0":6},"b":{}}
,"C:\\Users\\bruno.magalhaes\\Downloads\\Rodrigo Manguinho Cursos\\clean-node-api\\src\\presentation\\helpers\\index.ts": {"path":"C:\\Users\\bruno.magalhaes\\Downloads\\Rodrigo Manguinho Cursos\\clean-node-api\\src\\presentation\\helpers\\index.ts","statementMap":{"0":{"start":{"line":1,"column":0},"end":{"line":1,"column":29}}},"fnMap":{},"branchMap":{},"s":{"0":1},"f":{},"b":{}}
,"C:\\Users\\bruno.magalhaes\\Downloads\\Rodrigo Manguinho Cursos\\clean-node-api\\src\\presentation\\protocols\\index.ts": {"path":"C:\\Users\\bruno.magalhaes\\Downloads\\Rodrigo Manguinho Cursos\\clean-node-api\\src\\presentation\\protocols\\index.ts","statementMap":{"0":{"start":{"line":1,"column":0},"end":{"line":1,"column":28}},"1":{"start":{"line":2,"column":0},"end":{"line":2,"column":33}},"2":{"start":{"line":3,"column":0},"end":{"line":3,"column":22}}},"fnMap":{},"branchMap":{},"s":{"0":0,"1":0,"2":0},"f":{},"b":{}}
}
